This file contains any messages produced by compilers while
running configure, to aid debugging if configure makes a mistake.

It was created by gsl configure 1.13, which was
generated by GNU Autoconf 2.64.  Invocation command line was

  $ ./configure CFLAGS=-arch i386 CXXFLAGS=-arch i386 FFLAGS=-arch i386 LDFLAGS=-arch i386

## --------- ##
## Platform. ##
## --------- ##

hostname = Sunlings-MacBook.local
uname -m = i386
uname -r = 11.2.0
uname -s = Darwin
uname -v = Darwin Kernel Version 11.2.0: Tue Aug  9 20:56:15 PDT 2011; root:xnu-1699.24.8~1/RELEASE_I386

/usr/bin/uname -p = i386
/bin/uname -X     = unknown

/bin/arch              = unknown
/usr/bin/arch -k       = unknown
/usr/convex/getsysinfo = unknown
/usr/bin/hostinfo      = Mach kernel version:
	 Darwin Kernel Version 11.2.0: Tue Aug  9 20:56:15 PDT 2011; root:xnu-1699.24.8~1/RELEASE_I386
Kernel configured for up to 2 processors.
2 processors are physically available.
2 processors are logically available.
Processor type: i486 (Intel 80486)
Processors active: 0 1
Primary memory available: 2.00 gigabytes
Default processor set: 97 tasks, 474 threads, 2 processors
Load average: 0.41, Mach factor: 1.58
/bin/machine           = unknown
/usr/bin/oslevel       = unknown
/bin/universe          = unknown

PATH: /sw/bin
PATH: /sw/sbin
PATH: /opt/local/bin
PATH: /opt/local/sbin
PATH: /opt/local/bin
PATH: /opt/local/sbin
PATH: /usr/bin
PATH: /bin
PATH: /usr/sbin
PATH: /sbin
PATH: /usr/local/bin
PATH: /usr/X11/bin
PATH: /usr/local/git/bin
PATH: /usr/texbin
PATH: /usr/X11R6/bin
PATH: /usr/X11/bin


## ----------- ##
## Core tests. ##
## ----------- ##

configure:2442: checking for a BSD-compatible install
configure:2510: result: /usr/bin/install -c
configure:2521: checking whether build environment is sane
configure:2571: result: yes
configure:2712: checking for a thread-safe mkdir -p
configure:2751: result: ./install-sh -c -d
configure:2764: checking for gawk
configure:2794: result: no
configure:2764: checking for mawk
configure:2794: result: no
configure:2764: checking for nawk
configure:2794: result: no
configure:2764: checking for awk
configure:2780: found /usr/bin/awk
configure:2791: result: awk
configure:2802: checking whether make sets $(MAKE)
configure:2824: result: yes
configure:2907: checking whether to enable maintainer-specific portions of Makefiles
configure:2916: result: no
configure:2954: checking whether make sets $(MAKE)
configure:2976: result: yes
configure:2990: checking build system type
configure:3004: result: i386-apple-darwin11.2.0
configure:3024: checking host system type
configure:3037: result: i386-apple-darwin11.2.0
configure:3112: checking for gcc
configure:3128: found /usr/bin/gcc
configure:3139: result: gcc
configure:3368: checking for C compiler version
configure:3377: gcc --version >&5
i686-apple-darwin11-llvm-gcc-4.2 (GCC) 4.2.1 (Based on Apple Inc. build 5658) (LLVM build 2336.1.00)
Copyright (C) 2007 Free Software Foundation, Inc.
This is free software; see the source for copying conditions.  There is NO
warranty; not even for MERCHANTABILITY or FITNESS FOR A PARTICULAR PURPOSE.

configure:3388: $? = 0
configure:3377: gcc -v >&5
Using built-in specs.
Target: i686-apple-darwin11
Configured with: /private/var/tmp/llvmgcc42/llvmgcc42-2336.1~22/src/configure --disable-checking --enable-werror --prefix=/Developer/usr/llvm-gcc-4.2 --mandir=/share/man --enable-languages=c,objc,c++,obj-c++ --program-prefix=llvm- --program-transform-name=/^[cg][^.-]*$/s/$/-4.2/ --with-slibdir=/usr/lib --build=i686-apple-darwin11 --enable-llvm=/private/var/tmp/llvmgcc42/llvmgcc42-2336.1~22/dst-llvmCore/Developer/usr/local --program-prefix=i686-apple-darwin11- --host=x86_64-apple-darwin11 --target=i686-apple-darwin11 --with-gxx-include-dir=/usr/include/c++/4.2.1
Thread model: posix
gcc version 4.2.1 (Based on Apple Inc. build 5658) (LLVM build 2336.1.00)
configure:3388: $? = 0
configure:3377: gcc -V >&5
llvm-gcc-4.2: argument to `-V' is missing
configure:3388: $? = 1
configure:3377: gcc -qversion >&5
i686-apple-darwin11-llvm-gcc-4.2: no input files
configure:3388: $? = 1
configure:3410: checking for C compiler default output file name
configure:3432: gcc -arch i386  -arch i386 conftest.c  >&5
configure:3436: $? = 0
configure:3473: result: a.out
configure:3489: checking whether the C compiler works
configure:3498: ./a.out
configure:3502: $? = 0
configure:3517: result: yes
configure:3524: checking whether we are cross compiling
configure:3526: result: no
configure:3529: checking for suffix of executables
configure:3536: gcc -o conftest -arch i386  -arch i386 conftest.c  >&5
configure:3540: $? = 0
configure:3562: result: 
configure:3568: checking for suffix of object files
configure:3590: gcc -c -arch i386  conftest.c >&5
configure:3594: $? = 0
configure:3615: result: o
configure:3619: checking whether we are using the GNU C compiler
configure:3638: gcc -c -arch i386  conftest.c >&5
configure:3638: $? = 0
configure:3647: result: yes
configure:3656: checking whether gcc accepts -g
configure:3676: gcc -c -g  conftest.c >&5
configure:3676: $? = 0
configure:3717: result: yes
configure:3734: checking for gcc option to accept ISO C89
configure:3798: gcc  -c -arch i386  conftest.c >&5
configure:3798: $? = 0
configure:3811: result: none needed
configure:3836: checking how to run the C preprocessor
configure:3867: gcc -E  conftest.c
configure:3867: $? = 0
configure:3881: gcc -E  conftest.c
conftest.c:12:28: error: ac_nonexistent.h: No such file or directory
configure:3881: $? = 1
configure: failed program was:
| /* confdefs.h */
| #define PACKAGE_NAME "gsl"
| #define PACKAGE_TARNAME "gsl"
| #define PACKAGE_VERSION "1.13"
| #define PACKAGE_STRING "gsl 1.13"
| #define PACKAGE_BUGREPORT ""
| #define PACKAGE_URL ""
| #define PACKAGE "gsl"
| #define VERSION "1.13"
| #define RELEASED /**/
| /* end confdefs.h.  */
| #include <ac_nonexistent.h>
configure:3906: result: gcc -E
configure:3926: gcc -E  conftest.c
configure:3926: $? = 0
configure:3940: gcc -E  conftest.c
conftest.c:12:28: error: ac_nonexistent.h: No such file or directory
configure:3940: $? = 1
configure: failed program was:
| /* confdefs.h */
| #define PACKAGE_NAME "gsl"
| #define PACKAGE_TARNAME "gsl"
| #define PACKAGE_VERSION "1.13"
| #define PACKAGE_STRING "gsl 1.13"
| #define PACKAGE_BUGREPORT ""
| #define PACKAGE_URL ""
| #define PACKAGE "gsl"
| #define VERSION "1.13"
| #define RELEASED /**/
| /* end confdefs.h.  */
| #include <ac_nonexistent.h>
configure:3969: checking whether ln -s works
configure:3973: result: yes
configure:4005: checking for a sed that does not truncate output
configure:4069: result: /opt/local/bin/gsed
configure:4087: checking for grep that handles long lines and -e
configure:4145: result: /usr/bin/grep
configure:4150: checking for egrep
configure:4212: result: /usr/bin/grep -E
configure:4217: checking for fgrep
configure:4279: result: /usr/bin/grep -F
configure:4314: checking for ld used by gcc
configure:4381: result: /usr/llvm-gcc-4.2/libexec/gcc/i686-apple-darwin11/4.2.1/ld
configure:4388: checking if the linker (/usr/llvm-gcc-4.2/libexec/gcc/i686-apple-darwin11/4.2.1/ld) is GNU ld
configure:4403: result: no
configure:4415: checking for BSD- or MS-compatible name lister (nm)
configure:4464: result: /usr/bin/nm
configure:4582: checking the name lister (/usr/bin/nm) interface
configure:4589: gcc -c -arch i386  conftest.c >&5
configure:4592: /usr/bin/nm "conftest.o"
configure:4595: output
00000000 S _some_variable
configure:4602: result: BSD nm
configure:4606: checking the maximum length of command line arguments
configure:4726: result: 196608
configure:4743: checking whether the shell understands some XSI constructs
configure:4753: result: yes
configure:4757: checking whether the shell understands "+="
configure:4763: result: yes
configure:4798: checking for /usr/llvm-gcc-4.2/libexec/gcc/i686-apple-darwin11/4.2.1/ld option to reload object files
configure:4805: result: -r
configure:4874: checking for objdump
configure:4904: result: no
configure:4933: checking how to recognize dependent libraries
configure:5129: result: pass_all
configure:5189: checking for ar
configure:5205: found /usr/bin/ar
configure:5216: result: ar
configure:5294: checking for strip
configure:5310: found /usr/bin/strip
configure:5321: result: strip
configure:5393: checking for ranlib
configure:5409: found /usr/bin/ranlib
configure:5420: result: ranlib
configure:5510: checking command to parse /usr/bin/nm output from gcc object
configure:5628: gcc -c -arch i386  conftest.c >&5
configure:5631: $? = 0
configure:5635: /usr/bin/nm conftest.o \| sed -n -e 's/^.*[	 ]\([BCDEGRST][BCDEGRST]*\)[	 ][	 ]*\([_A-Za-z][_A-Za-z0-9]*\)$/\1 \2 \2/p' \> conftest.nm
configure:5638: $? = 0
cannot find nm_test_var in conftest.nm
configure:5628: gcc -c -arch i386  conftest.c >&5
configure:5631: $? = 0
configure:5635: /usr/bin/nm conftest.o \| sed -n -e 's/^.*[	 ]\([BCDEGRST][BCDEGRST]*\)[	 ][	 ]*_\([_A-Za-z][_A-Za-z0-9]*\)$/\1 _\2 \2/p' \> conftest.nm
configure:5638: $? = 0
configure:5692: gcc -o conftest -arch i386  -arch i386 conftest.c conftstm.o >&5
configure:5695: $? = 0
configure:5733: result: ok
configure:5998: checking for dsymutil
configure:6014: found /usr/bin/dsymutil
configure:6025: result: dsymutil
configure:6090: checking for nmedit
configure:6106: found /usr/bin/nmedit
configure:6117: result: nmedit
configure:6182: checking for lipo
configure:6198: found /usr/bin/lipo
configure:6209: result: lipo
configure:6274: checking for otool
configure:6290: found /usr/bin/otool
configure:6301: result: otool
configure:6366: checking for otool64
configure:6396: result: no
configure:6441: checking for -single_module linker flag
gcc -arch i386 -arch i386 -o libconftest.dylib -dynamiclib -Wl,-single_module conftest.c
configure:6468: result: yes
configure:6470: checking for -exported_symbols_list linker flag
configure:6490: gcc -o conftest -arch i386  -arch i386 -Wl,-exported_symbols_list,conftest.sym conftest.c  >&5
configure:6490: $? = 0
configure:6500: result: yes
configure:6538: checking for ANSI C header files
configure:6558: gcc -c -arch i386  conftest.c >&5
configure:6558: $? = 0
configure:6631: gcc -o conftest -arch i386  -arch i386 conftest.c  >&5
configure:6631: $? = 0
configure:6631: ./conftest
configure:6631: $? = 0
configure:6642: result: yes
configure:6655: checking for sys/types.h
configure:6655: gcc -c -arch i386  conftest.c >&5
configure:6655: $? = 0
configure:6655: result: yes
configure:6655: checking for sys/stat.h
configure:6655: gcc -c -arch i386  conftest.c >&5
configure:6655: $? = 0
configure:6655: result: yes
configure:6655: checking for stdlib.h
configure:6655: gcc -c -arch i386  conftest.c >&5
configure:6655: $? = 0
configure:6655: result: yes
configure:6655: checking for string.h
configure:6655: gcc -c -arch i386  conftest.c >&5
configure:6655: $? = 0
configure:6655: result: yes
configure:6655: checking for memory.h
configure:6655: gcc -c -arch i386  conftest.c >&5
configure:6655: $? = 0
configure:6655: result: yes
configure:6655: checking for strings.h
configure:6655: gcc -c -arch i386  conftest.c >&5
configure:6655: $? = 0
configure:6655: result: yes
configure:6655: checking for inttypes.h
configure:6655: gcc -c -arch i386  conftest.c >&5
configure:6655: $? = 0
configure:6655: result: yes
configure:6655: checking for stdint.h
configure:6655: gcc -c -arch i386  conftest.c >&5
configure:6655: $? = 0
configure:6655: result: yes
configure:6655: checking for unistd.h
configure:6655: gcc -c -arch i386  conftest.c >&5
configure:6655: $? = 0
configure:6655: result: yes
configure:6670: checking for dlfcn.h
configure:6670: gcc -c -arch i386  conftest.c >&5
configure:6670: $? = 0
configure:6670: result: yes
configure:6854: checking for objdir
configure:6869: result: .libs
configure:7161: checking if gcc supports -fno-rtti -fno-exceptions
configure:7179: gcc -c -arch i386  -fno-rtti -fno-exceptions conftest.c >&5
cc1: warning: command line option "-fno-rtti" is valid for C++/ObjC++ but not for C
configure:7183: $? = 0
configure:7196: result: no
configure:7216: checking for gcc option to produce PIC
configure:7488: result: -fno-common -DPIC
configure:7500: checking if gcc PIC flag -fno-common -DPIC works
configure:7518: gcc -c -arch i386  -fno-common -DPIC -DPIC conftest.c >&5
configure:7522: $? = 0
configure:7535: result: yes
configure:7559: checking if gcc static flag -static works
configure:7587: result: no
configure:7602: checking if gcc supports -c -o file.o
configure:7623: gcc -c -arch i386  -o out/conftest2.o conftest.c >&5
configure:7627: $? = 0
configure:7649: result: yes
configure:7657: checking if gcc supports -c -o file.o
configure:7704: result: yes
configure:7737: checking whether the gcc linker (/usr/llvm-gcc-4.2/libexec/gcc/i686-apple-darwin11/4.2.1/ld) supports shared libraries
configure:8723: result: yes
configure:8962: checking dynamic linker characteristics
configure:9613: result: darwin11.2.0 dyld
configure:9715: checking how to hardcode library paths into programs
configure:9740: result: immediate
configure:10260: checking whether stripping libraries is possible
configure:10274: result: yes
configure:10300: checking if libtool supports shared libraries
configure:10302: result: yes
configure:10305: checking whether to build shared libraries
configure:10326: result: yes
configure:10329: checking whether to build static libraries
configure:10333: result: yes
configure:10369: checking for size_t
configure:10369: gcc -c -arch i386  conftest.c >&5
configure:10369: $? = 0
configure:10369: gcc -c -arch i386  conftest.c >&5
conftest.c: In function 'main':
conftest.c:60: error: expected expression before ')' token
configure:10369: $? = 1
configure: failed program was:
| /* confdefs.h */
| #define PACKAGE_NAME "gsl"
| #define PACKAGE_TARNAME "gsl"
| #define PACKAGE_VERSION "1.13"
| #define PACKAGE_STRING "gsl 1.13"
| #define PACKAGE_BUGREPORT ""
| #define PACKAGE_URL ""
| #define PACKAGE "gsl"
| #define VERSION "1.13"
| #define RELEASED /**/
| #define STDC_HEADERS 1
| #define HAVE_SYS_TYPES_H 1
| #define HAVE_SYS_STAT_H 1
| #define HAVE_STDLIB_H 1
| #define HAVE_STRING_H 1
| #define HAVE_MEMORY_H 1
| #define HAVE_STRINGS_H 1
| #define HAVE_INTTYPES_H 1
| #define HAVE_STDINT_H 1
| #define HAVE_UNISTD_H 1
| #define HAVE_DLFCN_H 1
| #define LT_OBJDIR ".libs/"
| /* end confdefs.h.  */
| #include <stdio.h>
| #ifdef HAVE_SYS_TYPES_H
| # include <sys/types.h>
| #endif
| #ifdef HAVE_SYS_STAT_H
| # include <sys/stat.h>
| #endif
| #ifdef STDC_HEADERS
| # include <stdlib.h>
| # include <stddef.h>
| #else
| # ifdef HAVE_STDLIB_H
| #  include <stdlib.h>
| # endif
| #endif
| #ifdef HAVE_STRING_H
| # if !defined STDC_HEADERS && defined HAVE_MEMORY_H
| #  include <memory.h>
| # endif
| # include <string.h>
| #endif
| #ifdef HAVE_STRINGS_H
| # include <strings.h>
| #endif
| #ifdef HAVE_INTTYPES_H
| # include <inttypes.h>
| #endif
| #ifdef HAVE_STDINT_H
| # include <stdint.h>
| #endif
| #ifdef HAVE_UNISTD_H
| # include <unistd.h>
| #endif
| int
| main ()
| {
| if (sizeof ((size_t)))
| 	    return 0;
|   ;
|   return 0;
| }
configure:10369: result: yes
configure:10380: checking for working volatile
configure:10399: gcc -c -arch i386  conftest.c >&5
configure:10399: $? = 0
configure:10406: result: yes
configure:10414: checking for inline
configure:10430: gcc -c -arch i386  conftest.c >&5
configure:10430: $? = 0
configure:10438: result: inline
configure:10456: checking whether char is unsigned
configure:10474: gcc -c -arch i386  conftest.c >&5
configure:10474: $? = 0
configure:10481: result: no
configure:10496: checking for GNU-style extern inline
configure:10515: gcc -c -arch i386  conftest.c >&5
configure:10515: $? = 0
configure:10521: result: yes
configure:10586: checking ieeefp.h usability
configure:10586: gcc -c -arch i386  conftest.c >&5
conftest.c:58:20: error: ieeefp.h: No such file or directory
configure:10586: $? = 1
configure: failed program was:
| /* confdefs.h */
| #define PACKAGE_NAME "gsl"
| #define PACKAGE_TARNAME "gsl"
| #define PACKAGE_VERSION "1.13"
| #define PACKAGE_STRING "gsl 1.13"
| #define PACKAGE_BUGREPORT ""
| #define PACKAGE_URL ""
| #define PACKAGE "gsl"
| #define VERSION "1.13"
| #define RELEASED /**/
| #define STDC_HEADERS 1
| #define HAVE_SYS_TYPES_H 1
| #define HAVE_SYS_STAT_H 1
| #define HAVE_STDLIB_H 1
| #define HAVE_STRING_H 1
| #define HAVE_MEMORY_H 1
| #define HAVE_STRINGS_H 1
| #define HAVE_INTTYPES_H 1
| #define HAVE_STDINT_H 1
| #define HAVE_UNISTD_H 1
| #define HAVE_DLFCN_H 1
| #define LT_OBJDIR ".libs/"
| #define HAVE_INLINE 1
| /* end confdefs.h.  */
| #include <stdio.h>
| #ifdef HAVE_SYS_TYPES_H
| # include <sys/types.h>
| #endif
| #ifdef HAVE_SYS_STAT_H
| # include <sys/stat.h>
| #endif
| #ifdef STDC_HEADERS
| # include <stdlib.h>
| # include <stddef.h>
| #else
| # ifdef HAVE_STDLIB_H
| #  include <stdlib.h>
| # endif
| #endif
| #ifdef HAVE_STRING_H
| # if !defined STDC_HEADERS && defined HAVE_MEMORY_H
| #  include <memory.h>
| # endif
| # include <string.h>
| #endif
| #ifdef HAVE_STRINGS_H
| # include <strings.h>
| #endif
| #ifdef HAVE_INTTYPES_H
| # include <inttypes.h>
| #endif
| #ifdef HAVE_STDINT_H
| # include <stdint.h>
| #endif
| #ifdef HAVE_UNISTD_H
| # include <unistd.h>
| #endif
| #include <ieeefp.h>
configure:10586: result: no
configure:10586: checking ieeefp.h presence
configure:10586: gcc -E  conftest.c
conftest.c:25:20: error: ieeefp.h: No such file or directory
configure:10586: $? = 1
configure: failed program was:
| /* confdefs.h */
| #define PACKAGE_NAME "gsl"
| #define PACKAGE_TARNAME "gsl"
| #define PACKAGE_VERSION "1.13"
| #define PACKAGE_STRING "gsl 1.13"
| #define PACKAGE_BUGREPORT ""
| #define PACKAGE_URL ""
| #define PACKAGE "gsl"
| #define VERSION "1.13"
| #define RELEASED /**/
| #define STDC_HEADERS 1
| #define HAVE_SYS_TYPES_H 1
| #define HAVE_SYS_STAT_H 1
| #define HAVE_STDLIB_H 1
| #define HAVE_STRING_H 1
| #define HAVE_MEMORY_H 1
| #define HAVE_STRINGS_H 1
| #define HAVE_INTTYPES_H 1
| #define HAVE_STDINT_H 1
| #define HAVE_UNISTD_H 1
| #define HAVE_DLFCN_H 1
| #define LT_OBJDIR ".libs/"
| #define HAVE_INLINE 1
| /* end confdefs.h.  */
| #include <ieeefp.h>
configure:10586: result: no
configure:10586: checking for ieeefp.h
configure:10586: result: no
configure:10616: checking for vprintf
configure:10616: gcc -o conftest -arch i386  -arch i386 conftest.c  >&5
conftest.c:48: warning: conflicting types for built-in function 'vprintf'
configure:10616: $? = 0
configure:10616: result: yes
configure:10622: checking for _doprnt
configure:10622: gcc -o conftest -arch i386  -arch i386 conftest.c  >&5
Undefined symbols for architecture i386:
  "__doprnt", referenced from:
      _main in ccJSGPGL.o
ld: symbol(s) not found for architecture i386
collect2: ld returned 1 exit status
configure:10622: $? = 1
configure: failed program was:
| /* confdefs.h */
| #define PACKAGE_NAME "gsl"
| #define PACKAGE_TARNAME "gsl"
| #define PACKAGE_VERSION "1.13"
| #define PACKAGE_STRING "gsl 1.13"
| #define PACKAGE_BUGREPORT ""
| #define PACKAGE_URL ""
| #define PACKAGE "gsl"
| #define VERSION "1.13"
| #define RELEASED /**/
| #define STDC_HEADERS 1
| #define HAVE_SYS_TYPES_H 1
| #define HAVE_SYS_STAT_H 1
| #define HAVE_STDLIB_H 1
| #define HAVE_STRING_H 1
| #define HAVE_MEMORY_H 1
| #define HAVE_STRINGS_H 1
| #define HAVE_INTTYPES_H 1
| #define HAVE_STDINT_H 1
| #define HAVE_UNISTD_H 1
| #define HAVE_DLFCN_H 1
| #define LT_OBJDIR ".libs/"
| #define HAVE_INLINE 1
| #define HAVE_VPRINTF 1
| /* end confdefs.h.  */
| /* Define _doprnt to an innocuous variant, in case <limits.h> declares _doprnt.
|    For example, HP-UX 11i <limits.h> declares gettimeofday.  */
| #define _doprnt innocuous__doprnt
| 
| /* System header to define __stub macros and hopefully few prototypes,
|     which can conflict with char _doprnt (); below.
|     Prefer <limits.h> to <assert.h> if __STDC__ is defined, since
|     <limits.h> exists even on freestanding compilers.  */
| 
| #ifdef __STDC__
| # include <limits.h>
| #else
| # include <assert.h>
| #endif
| 
| #undef _doprnt
| 
| /* Override any GCC internal prototype to avoid an error.
|    Use char because int might match the return type of a GCC
|    builtin and then its argument prototype would still apply.  */
| #ifdef __cplusplus
| extern "C"
| #endif
| char _doprnt ();
| /* The GNU C library defines this for functions which it implements
|     to always fail with ENOSYS.  Some functions are actually named
|     something starting with __ and the normal name is an alias.  */
| #if defined __stub__doprnt || defined __stub____doprnt
| choke me
| #endif
| 
| int
| main ()
| {
| return _doprnt ();
|   ;
|   return 0;
| }
configure:10622: result: no
configure:10637: checking for memcpy
configure:10637: gcc -o conftest -arch i386  -arch i386 conftest.c  >&5
conftest.c:49: warning: conflicting types for built-in function 'memcpy'
configure:10637: $? = 0
configure:10637: result: yes
configure:10637: checking for memmove
configure:10637: gcc -o conftest -arch i386  -arch i386 conftest.c  >&5
conftest.c:50: warning: conflicting types for built-in function 'memmove'
configure:10637: $? = 0
configure:10637: result: yes
configure:10637: checking for strdup
configure:10637: gcc -o conftest -arch i386  -arch i386 conftest.c  >&5
conftest.c:51: warning: conflicting types for built-in function 'strdup'
configure:10637: $? = 0
configure:10637: result: yes
configure:10637: checking for strtol
configure:10637: gcc -o conftest -arch i386  -arch i386 conftest.c  >&5
configure:10637: $? = 0
configure:10637: result: yes
configure:10637: checking for strtoul
configure:10637: gcc -o conftest -arch i386  -arch i386 conftest.c  >&5
configure:10637: $? = 0
configure:10637: result: yes
configure:10656: checking for EXIT_SUCCESS and EXIT_FAILURE
configure:10680: result: yes
configure:10691: checking for cos in -lm
configure:10716: gcc -o conftest -arch i386  -arch i386 conftest.c -lm   >&5
conftest.c:39: warning: conflicting types for built-in function 'cos'
configure:10716: $? = 0
configure:10725: result: yes
configure:10738: checking whether feenableexcept is declared
configure:10738: gcc -c -arch i386  conftest.c >&5
conftest.c: In function 'main':
conftest.c:40: error: 'feenableexcept' undeclared (first use in this function)
conftest.c:40: error: (Each undeclared identifier is reported only once
conftest.c:40: error: for each function it appears in.)
configure:10738: $? = 1
configure: failed program was:
| /* confdefs.h */
| #define PACKAGE_NAME "gsl"
| #define PACKAGE_TARNAME "gsl"
| #define PACKAGE_VERSION "1.13"
| #define PACKAGE_STRING "gsl 1.13"
| #define PACKAGE_BUGREPORT ""
| #define PACKAGE_URL ""
| #define PACKAGE "gsl"
| #define VERSION "1.13"
| #define RELEASED /**/
| #define STDC_HEADERS 1
| #define HAVE_SYS_TYPES_H 1
| #define HAVE_SYS_STAT_H 1
| #define HAVE_STDLIB_H 1
| #define HAVE_STRING_H 1
| #define HAVE_MEMORY_H 1
| #define HAVE_STRINGS_H 1
| #define HAVE_INTTYPES_H 1
| #define HAVE_STDINT_H 1
| #define HAVE_UNISTD_H 1
| #define HAVE_DLFCN_H 1
| #define LT_OBJDIR ".libs/"
| #define HAVE_INLINE 1
| #define HAVE_VPRINTF 1
| #define HAVE_MEMCPY 1
| #define HAVE_MEMMOVE 1
| #define HAVE_STRDUP 1
| #define HAVE_STRTOL 1
| #define HAVE_STRTOUL 1
| #define HAVE_EXIT_SUCCESS_AND_FAILURE 1
| #define HAVE_LIBM 1
| /* end confdefs.h.  */
| #define _GNU_SOURCE 1
| #include <fenv.h>
| 
| int
| main ()
| {
| #ifndef feenableexcept
|   (void) feenableexcept;
| #endif
| 
|   ;
|   return 0;
| }
configure:10738: result: no
configure:10751: checking whether fesettrapenable is declared
configure:10751: gcc -c -arch i386  conftest.c >&5
conftest.c: In function 'main':
conftest.c:41: error: 'fesettrapenable' undeclared (first use in this function)
conftest.c:41: error: (Each undeclared identifier is reported only once
conftest.c:41: error: for each function it appears in.)
configure:10751: $? = 1
configure: failed program was:
| /* confdefs.h */
| #define PACKAGE_NAME "gsl"
| #define PACKAGE_TARNAME "gsl"
| #define PACKAGE_VERSION "1.13"
| #define PACKAGE_STRING "gsl 1.13"
| #define PACKAGE_BUGREPORT ""
| #define PACKAGE_URL ""
| #define PACKAGE "gsl"
| #define VERSION "1.13"
| #define RELEASED /**/
| #define STDC_HEADERS 1
| #define HAVE_SYS_TYPES_H 1
| #define HAVE_SYS_STAT_H 1
| #define HAVE_STDLIB_H 1
| #define HAVE_STRING_H 1
| #define HAVE_MEMORY_H 1
| #define HAVE_STRINGS_H 1
| #define HAVE_INTTYPES_H 1
| #define HAVE_STDINT_H 1
| #define HAVE_UNISTD_H 1
| #define HAVE_DLFCN_H 1
| #define LT_OBJDIR ".libs/"
| #define HAVE_INLINE 1
| #define HAVE_VPRINTF 1
| #define HAVE_MEMCPY 1
| #define HAVE_MEMMOVE 1
| #define HAVE_STRDUP 1
| #define HAVE_STRTOL 1
| #define HAVE_STRTOUL 1
| #define HAVE_EXIT_SUCCESS_AND_FAILURE 1
| #define HAVE_LIBM 1
| #define HAVE_DECL_FEENABLEEXCEPT 0
| /* end confdefs.h.  */
| #define _GNU_SOURCE 1
| #include <fenv.h>
| 
| int
| main ()
| {
| #ifndef fesettrapenable
|   (void) fesettrapenable;
| #endif
| 
|   ;
|   return 0;
| }
configure:10751: result: no
configure:10764: checking whether hypot is declared
configure:10764: gcc -c -arch i386  conftest.c >&5
configure:10764: $? = 0
configure:10764: result: yes
configure:10776: checking whether expm1 is declared
configure:10776: gcc -c -arch i386  conftest.c >&5
configure:10776: $? = 0
configure:10776: result: yes
configure:10788: checking whether acosh is declared
configure:10788: gcc -c -arch i386  conftest.c >&5
configure:10788: $? = 0
configure:10788: result: yes
configure:10800: checking whether asinh is declared
configure:10800: gcc -c -arch i386  conftest.c >&5
configure:10800: $? = 0
configure:10800: result: yes
configure:10812: checking whether atanh is declared
configure:10812: gcc -c -arch i386  conftest.c >&5
configure:10812: $? = 0
configure:10812: result: yes
configure:10824: checking whether ldexp is declared
configure:10824: gcc -c -arch i386  conftest.c >&5
configure:10824: $? = 0
configure:10824: result: yes
configure:10836: checking whether frexp is declared
configure:10836: gcc -c -arch i386  conftest.c >&5
configure:10836: $? = 0
configure:10836: result: yes
configure:10848: checking whether isinf is declared
configure:10848: gcc -c -arch i386  conftest.c >&5
configure:10848: $? = 0
configure:10848: result: yes
configure:10860: checking whether isfinite is declared
configure:10860: gcc -c -arch i386  conftest.c >&5
configure:10860: $? = 0
configure:10860: result: yes
configure:10872: checking whether finite is declared
configure:10872: gcc -c -arch i386  conftest.c >&5
configure:10872: $? = 0
configure:10872: result: yes
configure:10887: checking whether isnan is declared
configure:10887: gcc -c -arch i386  conftest.c >&5
configure:10887: $? = 0
configure:10887: result: yes
configure:10906: checking whether log1p is declared
configure:10906: gcc -c -arch i386  conftest.c >&5
configure:10906: $? = 0
configure:10906: result: yes
configure:10921: checking for long double stdio
configure:10942: gcc -o conftest -arch i386  -arch i386 conftest.c -lm  >&5
configure:10942: $? = 0
configure:10942: ./conftest
1.234
configure:10942: $? = 0
configure:10952: result: yes
configure:10961: checking for extended floating point registers
configure:10994: result: yes
configure:11003: checking for IEEE arithmetic interface type
configure:11066: result: darwin86
configure:11196: checking for IEEE compiler flags
configure:11235: result: none
configure:11244: checking for IEEE comparisons
configure:11265: gcc -o conftest -arch i386  -arch i386 conftest.c -lm  >&5
conftest.c: In function 'main':
conftest.c:58: warning: incompatible implicit declaration of built-in function 'exit'
configure:11265: $? = 0
configure:11265: ./conftest
configure:11265: $? = 0
configure:11276: result: yes
configure:11285: checking for IEEE denormalized values
configure:11307: gcc -o conftest -arch i386  -arch i386 conftest.c -lm  >&5
conftest.c: In function 'main':
conftest.c:60: warning: incompatible implicit declaration of built-in function 'exit'
configure:11307: $? = 0
configure:11307: ./conftest
configure:11307: $? = 0
configure:11318: result: yes
configure:11465: creating ./config.status

## ---------------------- ##
## Running config.status. ##
## ---------------------- ##

This file was extended by gsl config.status 1.13, which was
generated by GNU Autoconf 2.64.  Invocation command line was

  CONFIG_FILES    = 
  CONFIG_HEADERS  = 
  CONFIG_LINKS    = 
  CONFIG_COMMANDS = 
  $ ./config.status 

on Sunlings-MacBook.local

config.status:1148: creating gsl_version.h
config.status:1148: creating gsl.spec
config.status:1148: creating gsl/Makefile
config.status:1148: creating test/Makefile
config.status:1148: creating err/Makefile
config.status:1148: creating sys/Makefile
config.status:1148: creating utils/Makefile
config.status:1148: creating const/Makefile
config.status:1148: creating min/Makefile
config.status:1148: creating multimin/Makefile
config.status:1148: creating ieee-utils/Makefile
config.status:1148: creating fft/Makefile
config.status:1148: creating specfunc/Makefile
config.status:1148: creating dht/Makefile
config.status:1148: creating fit/Makefile
config.status:1148: creating multifit/Makefile
config.status:1148: creating bspline/Makefile
config.status:1148: creating statistics/Makefile
config.status:1148: creating sum/Makefile
config.status:1148: creating roots/Makefile
config.status:1148: creating multiroots/Makefile
config.status:1148: creating ntuple/Makefile
config.status:1148: creating poly/Makefile
config.status:1148: creating qrng/Makefile
config.status:1148: creating rng/Makefile
config.status:1148: creating randist/Makefile
config.status:1148: creating siman/Makefile
config.status:1148: creating integration/Makefile
config.status:1148: creating interpolation/Makefile
config.status:1148: creating doc/Makefile
config.status:1148: creating block/Makefile
config.status:1148: creating vector/Makefile
config.status:1148: creating matrix/Makefile
config.status:1148: creating histogram/Makefile
config.status:1148: creating monte/Makefile
config.status:1148: creating ode-initval/Makefile
config.status:1148: creating cblas/Makefile
config.status:1148: creating blas/Makefile
config.status:1148: creating linalg/Makefile
config.status:1148: creating eigen/Makefile
config.status:1148: creating permutation/Makefile
config.status:1148: creating combination/Makefile
config.status:1148: creating sort/Makefile
config.status:1148: creating complex/Makefile
config.status:1148: creating diff/Makefile
config.status:1148: creating deriv/Makefile
config.status:1148: creating cheb/Makefile
config.status:1148: creating cdf/Makefile
config.status:1148: creating wavelet/Makefile
config.status:1148: creating Makefile
config.status:1148: creating config.h
config.status:1320: config.h is unchanged
config.status:1368: executing libtool commands

## ---------------- ##
## Cache variables. ##
## ---------------- ##

ac_cv_build=i386-apple-darwin11.2.0
ac_cv_c_char_unsigned=no
ac_cv_c_compiler_gnu=yes
ac_cv_c_extended_fp=yes
ac_cv_c_extern_inline=yes
ac_cv_c_ieee_comparisons=yes
ac_cv_c_ieee_denormals=yes
ac_cv_c_ieee_flags=none
ac_cv_c_ieee_interface=darwin86
ac_cv_c_inline=inline
ac_cv_c_volatile=yes
ac_cv_decl_exit_success_and_failure=yes
ac_cv_env_CC_set=
ac_cv_env_CC_value=
ac_cv_env_CFLAGS_set=set
ac_cv_env_CFLAGS_value='-arch i386'
ac_cv_env_CPPFLAGS_set=
ac_cv_env_CPPFLAGS_value=
ac_cv_env_CPP_set=
ac_cv_env_CPP_value=
ac_cv_env_LDFLAGS_set=set
ac_cv_env_LDFLAGS_value='-arch i386'
ac_cv_env_LIBS_set=
ac_cv_env_LIBS_value=
ac_cv_env_build_alias_set=
ac_cv_env_build_alias_value=
ac_cv_env_host_alias_set=
ac_cv_env_host_alias_value=
ac_cv_env_target_alias_set=
ac_cv_env_target_alias_value=
ac_cv_func__doprnt=no
ac_cv_func_memcpy=yes
ac_cv_func_memmove=yes
ac_cv_func_printf_longdouble=yes
ac_cv_func_strdup=yes
ac_cv_func_strtol=yes
ac_cv_func_strtoul=yes
ac_cv_func_vprintf=yes
ac_cv_have_decl_acosh=yes
ac_cv_have_decl_asinh=yes
ac_cv_have_decl_atanh=yes
ac_cv_have_decl_expm1=yes
ac_cv_have_decl_feenableexcept=no
ac_cv_have_decl_fesettrapenable=no
ac_cv_have_decl_finite=yes
ac_cv_have_decl_frexp=yes
ac_cv_have_decl_hypot=yes
ac_cv_have_decl_isfinite=yes
ac_cv_have_decl_isinf=yes
ac_cv_have_decl_isnan=yes
ac_cv_have_decl_ldexp=yes
ac_cv_have_decl_log1p=yes
ac_cv_header_dlfcn_h=yes
ac_cv_header_ieeefp_h=no
ac_cv_header_inttypes_h=yes
ac_cv_header_memory_h=yes
ac_cv_header_stdc=yes
ac_cv_header_stdint_h=yes
ac_cv_header_stdlib_h=yes
ac_cv_header_string_h=yes
ac_cv_header_strings_h=yes
ac_cv_header_sys_stat_h=yes
ac_cv_header_sys_types_h=yes
ac_cv_header_unistd_h=yes
ac_cv_host=i386-apple-darwin11.2.0
ac_cv_lib_m_cos=yes
ac_cv_objext=o
ac_cv_path_EGREP='/usr/bin/grep -E'
ac_cv_path_FGREP='/usr/bin/grep -F'
ac_cv_path_GREP=/usr/bin/grep
ac_cv_path_SED=/opt/local/bin/gsed
ac_cv_path_install='/usr/bin/install -c'
ac_cv_prog_AWK=awk
ac_cv_prog_CPP='gcc -E'
ac_cv_prog_ac_ct_AR=ar
ac_cv_prog_ac_ct_CC=gcc
ac_cv_prog_ac_ct_DSYMUTIL=dsymutil
ac_cv_prog_ac_ct_LIPO=lipo
ac_cv_prog_ac_ct_NMEDIT=nmedit
ac_cv_prog_ac_ct_OTOOL=otool
ac_cv_prog_ac_ct_RANLIB=ranlib
ac_cv_prog_ac_ct_STRIP=strip
ac_cv_prog_cc_c89=
ac_cv_prog_cc_g=yes
ac_cv_prog_make_make_set=yes
ac_cv_type_size_t=yes
lt_cv_apple_cc_single_mod=yes
lt_cv_deplibs_check_method=pass_all
lt_cv_file_magic_cmd='$MAGIC_CMD'
lt_cv_file_magic_test_file=
lt_cv_ld_exported_symbols_list=yes
lt_cv_ld_reload_flag=-r
lt_cv_nm_interface='BSD nm'
lt_cv_objdir=.libs
lt_cv_path_LD=/usr/llvm-gcc-4.2/libexec/gcc/i686-apple-darwin11/4.2.1/ld
lt_cv_path_NM=/usr/bin/nm
lt_cv_prog_compiler_c_o=yes
lt_cv_prog_compiler_pic_works=yes
lt_cv_prog_compiler_rtti_exceptions=no
lt_cv_prog_compiler_static_works=no
lt_cv_prog_gnu_ld=no
lt_cv_sys_global_symbol_pipe='sed -n -e '\''s/^.*[	 ]\([BCDEGRST][BCDEGRST]*\)[	 ][	 ]*_\([_A-Za-z][_A-Za-z0-9]*\)$/\1 _\2 \2/p'\'''
lt_cv_sys_global_symbol_to_c_name_address='sed -n -e '\''s/^: \([^ ]*\) $/  {\"\1\", (void *) 0},/p'\'' -e '\''s/^[BCDEGRST]* \([^ ]*\) \([^ ]*\)$/  {"\2", (void *) \&\2},/p'\'''
lt_cv_sys_global_symbol_to_c_name_address_lib_prefix='sed -n -e '\''s/^: \([^ ]*\) $/  {\"\1\", (void *) 0},/p'\'' -e '\''s/^[BCDEGRST]* \([^ ]*\) \(lib[^ ]*\)$/  {"\2", (void *) \&\2},/p'\'' -e '\''s/^[BCDEGRST]* \([^ ]*\) \([^ ]*\)$/  {"lib\2", (void *) \&\2},/p'\'''
lt_cv_sys_global_symbol_to_cdecl='sed -n -e '\''s/^T .* \(.*\)$/extern int \1();/p'\'' -e '\''s/^[BCDEGRST]* .* \(.*\)$/extern char \1;/p'\'''
lt_cv_sys_max_cmd_len=196608

## ----------------- ##
## Output variables. ##
## ----------------- ##

ACLOCAL='${SHELL} /Users/sunnyeyre/g_proj/gsl-1.13/missing --run aclocal-1.11'
AMTAR='${SHELL} /Users/sunnyeyre/g_proj/gsl-1.13/missing --run tar'
AR='ar'
AUTOCONF='${SHELL} /Users/sunnyeyre/g_proj/gsl-1.13/missing --run autoconf'
AUTOHEADER='${SHELL} /Users/sunnyeyre/g_proj/gsl-1.13/missing --run autoheader'
AUTOMAKE='${SHELL} /Users/sunnyeyre/g_proj/gsl-1.13/missing --run automake-1.11'
AWK='awk'
CC='gcc'
CFLAGS='-arch i386'
CPP='gcc -E'
CPPFLAGS=''
CYGPATH_W='echo'
DEFS='-DHAVE_CONFIG_H'
DSYMUTIL='dsymutil'
DUMPBIN=''
ECHO_C='\c'
ECHO_N=''
ECHO_T=''
EGREP='/usr/bin/grep -E'
EXEEXT=''
FGREP='/usr/bin/grep -F'
GREP='/usr/bin/grep'
GSL_CFLAGS='-I${prefix}/include'
GSL_LIBS='-L${exec_prefix}/lib -lgsl'
GSL_LT_CBLAS_VERSION='0:0:0'
GSL_LT_VERSION='14:0:14'
HAVE_AIX_IEEE_INTERFACE=''
HAVE_DARWIN86_IEEE_INTERFACE=''
HAVE_DARWIN_IEEE_INTERFACE=''
HAVE_FREEBSD_IEEE_INTERFACE=''
HAVE_GNUM68K_IEEE_INTERFACE=''
HAVE_GNUPPC_IEEE_INTERFACE=''
HAVE_GNUSPARC_IEEE_INTERFACE=''
HAVE_GNUX86_IEEE_INTERFACE=''
HAVE_HPUX11_IEEE_INTERFACE=''
HAVE_HPUX_IEEE_INTERFACE=''
HAVE_IRIX_IEEE_INTERFACE=''
HAVE_NETBSD_IEEE_INTERFACE=''
HAVE_OPENBSD_IEEE_INTERFACE=''
HAVE_OS2EMX_IEEE_INTERFACE=''
HAVE_SOLARIS_IEEE_INTERFACE=''
HAVE_SUNOS4_IEEE_INTERFACE=''
HAVE_TRU64_IEEE_INTERFACE=''
INSTALL_DATA='${INSTALL} -m 644'
INSTALL_PROGRAM='${INSTALL}'
INSTALL_SCRIPT='${INSTALL}'
INSTALL_STRIP_PROGRAM='$(install_sh) -c -s'
LD='/usr/llvm-gcc-4.2/libexec/gcc/i686-apple-darwin11/4.2.1/ld'
LDFLAGS='-arch i386'
LIBOBJS=''
LIBS='-lm '
LIBTOOL='$(SHELL) $(top_builddir)/libtool'
LIPO='lipo'
LN_S='ln -s'
LTLIBOBJS=''
MAINT='#'
MAINTAINER_MODE_FALSE=''
MAINTAINER_MODE_TRUE='#'
MAKEINFO='${SHELL} /Users/sunnyeyre/g_proj/gsl-1.13/missing --run makeinfo'
MINGW32_HOST_FALSE=''
MINGW32_HOST_TRUE='#'
MKDIR_P='./install-sh -c -d'
NM='/usr/bin/nm'
NMEDIT='nmedit'
OBJDUMP='false'
OBJEXT='o'
OTOOL64=':'
OTOOL='otool'
PACKAGE='gsl'
PACKAGE_BUGREPORT=''
PACKAGE_NAME='gsl'
PACKAGE_STRING='gsl 1.13'
PACKAGE_TARNAME='gsl'
PACKAGE_URL=''
PACKAGE_VERSION='1.13'
PATH_SEPARATOR=':'
RANLIB='ranlib'
SED='/opt/local/bin/gsed'
SET_MAKE=''
SHELL='/bin/sh'
STRIP='strip'
VERSION='1.13'
ac_ct_CC='gcc'
ac_ct_DUMPBIN=''
am__EXEEXT_FALSE=''
am__EXEEXT_TRUE='#'
am__isrc=''
am__leading_dot='.'
am__tar='${AMTAR} chof - "$$tardir"'
am__untar='${AMTAR} xf -'
bindir='${exec_prefix}/bin'
build='i386-apple-darwin11.2.0'
build_alias=''
build_cpu='i386'
build_os='darwin11.2.0'
build_vendor='apple'
datadir='${datarootdir}'
datarootdir='${prefix}/share'
docdir='${datarootdir}/doc/${PACKAGE_TARNAME}'
dvidir='${docdir}'
exec_prefix='${prefix}'
host='i386-apple-darwin11.2.0'
host_alias=''
host_cpu='i386'
host_os='darwin11.2.0'
host_vendor='apple'
htmldir='${docdir}'
includedir='${prefix}/include'
infodir='${datarootdir}/info'
install_sh='${SHELL} /Users/sunnyeyre/g_proj/gsl-1.13/install-sh'
libdir='${exec_prefix}/lib'
libexecdir='${exec_prefix}/libexec'
localedir='${datarootdir}/locale'
localstatedir='${prefix}/var'
lt_ECHO='/bin/echo'
mandir='${datarootdir}/man'
mkdir_p='$(top_builddir)/./install-sh -c -d'
oldincludedir='/usr/include'
pdfdir='${docdir}'
prefix='/usr/local'
program_transform_name='s,x,x,'
psdir='${docdir}'
sbindir='${exec_prefix}/sbin'
sharedstatedir='${prefix}/com'
sysconfdir='${prefix}/etc'
target_alias=''

## ----------- ##
## confdefs.h. ##
## ----------- ##

/* confdefs.h */
#define PACKAGE_NAME "gsl"
#define PACKAGE_TARNAME "gsl"
#define PACKAGE_VERSION "1.13"
#define PACKAGE_STRING "gsl 1.13"
#define PACKAGE_BUGREPORT ""
#define PACKAGE_URL ""
#define PACKAGE "gsl"
#define VERSION "1.13"
#define RELEASED /**/
#define STDC_HEADERS 1
#define HAVE_SYS_TYPES_H 1
#define HAVE_SYS_STAT_H 1
#define HAVE_STDLIB_H 1
#define HAVE_STRING_H 1
#define HAVE_MEMORY_H 1
#define HAVE_STRINGS_H 1
#define HAVE_INTTYPES_H 1
#define HAVE_STDINT_H 1
#define HAVE_UNISTD_H 1
#define HAVE_DLFCN_H 1
#define LT_OBJDIR ".libs/"
#define HAVE_INLINE 1
#define HAVE_VPRINTF 1
#define HAVE_MEMCPY 1
#define HAVE_MEMMOVE 1
#define HAVE_STRDUP 1
#define HAVE_STRTOL 1
#define HAVE_STRTOUL 1
#define HAVE_EXIT_SUCCESS_AND_FAILURE 1
#define HAVE_LIBM 1
#define HAVE_DECL_FEENABLEEXCEPT 0
#define HAVE_DECL_FESETTRAPENABLE 0
#define HAVE_DECL_HYPOT 1
#define HAVE_DECL_EXPM1 1
#define HAVE_DECL_ACOSH 1
#define HAVE_DECL_ASINH 1
#define HAVE_DECL_ATANH 1
#define HAVE_DECL_LDEXP 1
#define HAVE_DECL_FREXP 1
#define HAVE_DECL_ISINF 1
#define HAVE_DECL_ISFINITE 1
#define HAVE_DECL_FINITE 1
#define HAVE_DECL_ISNAN 1
#define HAVE_DECL_LOG1P 1
#define HAVE_PRINTF_LONGDOUBLE 1
#define HAVE_EXTENDED_PRECISION_REGISTERS 1
#define HAVE_DARWIN86_IEEE_INTERFACE 1
#define HAVE_IEEE_COMPARISONS 1
#define HAVE_IEEE_DENORMALS 1

configure: exit 0
